[2025-06-03T06:44:22.914Z] [Usuario.salvar] connect ECONNREFUSED ::1:27017
[2025-06-03T06:44:23.056Z] [Album.salvar] Campos obrigatórios ausentes.
[2025-06-03T06:44:23.186Z] [Foto.salvar] Campos obrigatórios ausentes.
[2025-06-03T06:44:23.342Z] [Tag.salvar] Campos obrigatórios ausentes.
[2025-06-03T06:44:23.524Z] [Favorito.salvar] Campos obrigatórios ausentes.
[2025-06-03T06:44:54.374Z] [Foto.buscarPorId] connect ECONNREFUSED ::1:27017
[2025-06-03T06:45:24.394Z] [Tag.deletarPorId] connect ECONNREFUSED ::1:27017
[2025-06-03T06:45:54.416Z] [Favorito.deletarPorId] connect ECONNREFUSED ::1:27017
[2025-06-03T06:46:24.423Z] [Foto.deletarPorId] connect ECONNREFUSED ::1:27017
[2025-06-03T06:46:54.432Z] [Album.deletarPorId] connect ECONNREFUSED ::1:27017
[2025-06-03T06:47:24.454Z] [Usuario.deletarPorId] connect ECONNREFUSED ::1:27017
[2025-06-05T00:11:25.668Z] [Usuario.salvar] connect ECONNREFUSED ::1:27017
[2025-06-05T00:11:25.864Z] [Album.salvar] Campos obrigatórios ausentes.
[2025-06-05T00:11:25.881Z] [Foto.salvar] Campos obrigatórios ausentes.
[2025-06-05T00:11:25.885Z] [Tag.salvar] Campos obrigatórios ausentes.
[2025-06-05T00:11:25.887Z] [Favorito.salvar] Campos obrigatórios ausentes.
[2025-06-05T00:11:55.952Z] [Foto.buscarPorId] connect ECONNREFUSED ::1:27017
[2025-06-05T00:25:13.870Z] [Album.salvar] Campos obrigatórios ausentes.
[2025-06-05T00:25:13.910Z] [Favorito.salvar] Campos obrigatórios ausentes.
[2025-06-05T00:25:13.908Z] [Foto.salvar] Campos obrigatórios ausentes.
[2025-06-05T00:25:13.909Z] [Tag.salvar] Campos obrigatórios ausentes.
[2025-06-05T00:33:28.918Z] [Album.salvar] Campos obrigatórios ausentes.
[2025-06-05T00:33:28.922Z] [Foto.salvar] Campos obrigatórios ausentes.
[2025-06-05T00:33:28.924Z] [Tag.salvar] Campos obrigatórios ausentes.
[2025-06-05T00:33:28.926Z] [Favorito.salvar] Campos obrigatórios ausentes.
[2025-06-05T00:36:41.538Z] [Usuario.salvar] Campos obrigatórios ausentes.
[2025-06-05T00:36:41.544Z] [Album.salvar] Campos obrigatórios ausentes.
[2025-06-05T00:36:41.545Z] [Foto.salvar] Campos obrigatórios ausentes.
[2025-06-05T00:36:41.547Z] [Tag.salvar] Campos obrigatórios ausentes.
[2025-06-05T00:36:41.548Z] [Favorito.salvar] Campos obrigatórios ausentes.
[2025-06-05T00:39:02.193Z] [Album.salvar] Campos obrigatórios ausentes.
[2025-06-05T00:39:02.200Z] [Foto.salvar] Campos obrigatórios ausentes.
[2025-06-05T00:39:02.201Z] [Tag.salvar] Campos obrigatórios ausentes.
[2025-06-05T00:39:02.202Z] [Favorito.salvar] Campos obrigatórios ausentes.
[2025-06-05T00:46:12.563Z] [Usuario.salvar] usuario is not defined
[2025-06-05T00:46:12.567Z] [Album.salvar] Campos obrigatórios ausentes.
[2025-06-05T00:46:12.569Z] [Foto.salvar] Campos obrigatórios ausentes.
[2025-06-05T00:46:12.570Z] [Tag.salvar] Campos obrigatórios ausentes.
[2025-06-05T00:46:12.571Z] [Favorito.salvar] Campos obrigatórios ausentes.
[2025-06-05T00:56:08.833Z] [Album.salvar] Campos obrigatórios ausentes.
[2025-06-05T00:56:08.843Z] [Favorito.salvar] Campos obrigatórios ausentes.
[2025-06-05T00:56:08.839Z] [Foto.salvar] Campos obrigatórios ausentes.
[2025-06-05T00:56:08.842Z] [Tag.salvar] Campos obrigatórios ausentes.
[2025-06-05T00:56:44.629Z] [Album.salvar] Campos obrigatórios ausentes.
[2025-06-05T00:56:44.634Z] [Foto.salvar] Campos obrigatórios ausentes.
[2025-06-05T00:56:44.635Z] [Tag.salvar] Campos obrigatórios ausentes.
[2025-06-05T00:56:44.637Z] [Favorito.salvar] Campos obrigatórios ausentes.
[2025-06-05T00:59:04.222Z] [Foto.salvar] Campos obrigatórios ausentes.
[2025-06-05T00:59:04.227Z] [Tag.salvar] Campos obrigatórios ausentes.
[2025-06-05T00:59:04.232Z] [Favorito.salvar] Campos obrigatórios ausentes.
[2025-06-05T01:06:12.948Z] [Foto.salvar] Campos obrigatórios ausentes.
[2025-06-05T01:06:12.951Z] [Tag.salvar] Campos obrigatórios ausentes.
[2025-06-05T01:06:12.952Z] [Favorito.salvar] Campos obrigatórios ausentes.
[2025-06-05T02:03:15.614Z] [Usuario.criar] connect ECONNREFUSED ::1:27017
[2025-06-05T02:03:15.619Z] [Album.criar] Campos obrigatórios ausentes.
[2025-06-05T02:03:15.621Z] [Foto.criar] Campos obrigatórios ausentes.
[2025-06-05T02:03:15.627Z] [Favorito.criar] Campos obrigatórios ausentes.
[2025-06-05T02:03:15.624Z] [Tag.criar] Campos obrigatórios ausentes.
[2025-06-05T02:03:45.649Z] [Usuario.buscarPorId] connect ECONNREFUSED ::1:27017
[2025-06-05T02:04:45.722Z] [Album.buscarPorId] connect ECONNREFUSED ::1:27017
